[debug] [2022-08-01T13:50:41.630Z] ----------------------------------------------------------------------
[debug] [2022-08-01T13:50:41.633Z] Command:       C:\Program Files\nodejs\node.exe C:\Program Files\nodejs\node_modules\firebase-tools\lib\bin\firebase.js init
[debug] [2022-08-01T13:50:41.634Z] CLI Version:   11.4.0
[debug] [2022-08-01T13:50:41.634Z] Platform:      win32
[debug] [2022-08-01T13:50:41.634Z] Node Version:  v16.14.0
[debug] [2022-08-01T13:50:41.642Z] Time:          Mon Aug 01 2022 15:50:41 GMT+0200 (South Africa Standard Time)
[debug] [2022-08-01T13:50:41.642Z] ----------------------------------------------------------------------
[debug] 
[debug] [2022-08-01T13:50:41.655Z] >>> [apiv2][query] GET https://firebase-public.firebaseio.com/cli.json [none]
[debug] [2022-08-01T13:50:41.688Z] > command requires scopes: ["email","openid","https://www.googleapis.com/auth/cloudplatformprojects.readonly","https://www.googleapis.com/auth/firebase","https://www.googleapis.com/auth/cloud-platform"]
[debug] [2022-08-01T13:50:41.688Z] > authorizing via signed-in user (rngobeni303@gmail.com)
[info] 
     ######## #### ########  ######## ########     ###     ######  ########
     ##        ##  ##     ## ##       ##     ##  ##   ##  ##       ##
     ######    ##  ########  ######   ########  #########  ######  ######
     ##        ##  ##    ##  ##       ##     ## ##     ##       ## ##
     ##       #### ##     ## ######## ########  ##     ##  ######  ########

You're about to initialize a Firebase project in this directory:

  C:\Users\CAPACITI\Documents\GitHub\advertise-here

[debug] [2022-08-01T13:50:42.592Z] <<< [apiv2][status] GET https://firebase-public.firebaseio.com/cli.json 200
[debug] [2022-08-01T13:50:42.593Z] <<< [apiv2][body] GET https://firebase-public.firebaseio.com/cli.json {"cloudBuildErrorAfter":1594252800000,"cloudBuildWarnAfter":1590019200000,"defaultNode10After":1594252800000,"minVersion":"3.0.5","node8DeploysDisabledAfter":1613390400000,"node8RuntimeDisabledAfter":1615809600000,"node8WarnAfter":1600128000000}
[info] 
=== Project Setup
[info] 
[info] First, let's associate this project directory with a Firebase project.
[info] You can create multiple project aliases by running firebase use --add, 
[info] but for now we'll just set up a default project.
[info] 
[debug] [2022-08-01T13:51:33.150Z] > refreshing access token with scopes: []
[debug] [2022-08-01T13:51:33.154Z] >>> [apiv2][query] POST https://www.googleapis.com/oauth2/v3/token [none]
[debug] [2022-08-01T13:51:33.154Z] >>> [apiv2][body] POST https://www.googleapis.com/oauth2/v3/token [omitted]
[debug] [2022-08-01T13:51:33.970Z] <<< [apiv2][status] POST https://www.googleapis.com/oauth2/v3/token 200
[debug] [2022-08-01T13:51:33.970Z] <<< [apiv2][body] POST https://www.googleapis.com/oauth2/v3/token [omitted]
[debug] [2022-08-01T13:51:33.995Z] >>> [apiv2][query] GET https://firebase.googleapis.com/v1beta1/projects pageSize=100
[debug] [2022-08-01T13:51:35.136Z] <<< [apiv2][status] GET https://firebase.googleapis.com/v1beta1/projects 200
[debug] [2022-08-01T13:51:35.137Z] <<< [apiv2][body] GET https://firebase.googleapis.com/v1beta1/projects [omitted]
[info] i  Using project advertise-here-bd0bf (advertise-here) 
[info] 
=== Functions Setup
[info] 
[info] A functions directory will be created in your project with sample code
[info] pre-configured. Functions can be deployed with firebase deploy.
[info] 
[debug] [2022-08-01T13:51:38.700Z] > command requires scopes: ["email","openid","https://www.googleapis.com/auth/cloudplatformprojects.readonly","https://www.googleapis.com/auth/firebase","https://www.googleapis.com/auth/cloud-platform"]
[debug] [2022-08-01T13:51:38.701Z] > authorizing via signed-in user (rngobeni303@gmail.com)
[debug] [2022-08-01T13:51:38.701Z] [iam] checking project advertise-here-bd0bf for permissions ["firebase.projects.get"]
[debug] [2022-08-01T13:51:38.702Z] >>> [apiv2][query] POST https://cloudresourcemanager.googleapis.com/v1/projects/advertise-here-bd0bf:testIamPermissions [none]
[debug] [2022-08-01T13:51:38.702Z] >>> [apiv2][(partial)header] POST https://cloudresourcemanager.googleapis.com/v1/projects/advertise-here-bd0bf:testIamPermissions x-goog-quota-user=projects/advertise-here-bd0bf
[debug] [2022-08-01T13:51:38.703Z] >>> [apiv2][body] POST https://cloudresourcemanager.googleapis.com/v1/projects/advertise-here-bd0bf:testIamPermissions {"permissions":["firebase.projects.get"]}
[debug] [2022-08-01T13:51:40.017Z] <<< [apiv2][status] POST https://cloudresourcemanager.googleapis.com/v1/projects/advertise-here-bd0bf:testIamPermissions 200
[debug] [2022-08-01T13:51:40.017Z] <<< [apiv2][body] POST https://cloudresourcemanager.googleapis.com/v1/projects/advertise-here-bd0bf:testIamPermissions {"permissions":["firebase.projects.get"]}
[debug] [2022-08-01T13:51:40.018Z] >>> [apiv2][query] GET https://serviceusage.googleapis.com/v1/projects/advertise-here-bd0bf/services/cloudfunctions.googleapis.com [none]
[debug] [2022-08-01T13:51:40.022Z] >>> [apiv2][query] GET https://serviceusage.googleapis.com/v1/projects/advertise-here-bd0bf/services/runtimeconfig.googleapis.com [none]
[debug] [2022-08-01T13:51:41.471Z] <<< [apiv2][status] GET https://serviceusage.googleapis.com/v1/projects/advertise-here-bd0bf/services/cloudfunctions.googleapis.com 200
[debug] [2022-08-01T13:51:41.471Z] <<< [apiv2][body] GET https://serviceusage.googleapis.com/v1/projects/advertise-here-bd0bf/services/cloudfunctions.googleapis.com [omitted]
[debug] [2022-08-01T13:51:41.532Z] <<< [apiv2][status] GET https://serviceusage.googleapis.com/v1/projects/advertise-here-bd0bf/services/runtimeconfig.googleapis.com 200
[debug] [2022-08-01T13:51:41.533Z] <<< [apiv2][body] GET https://serviceusage.googleapis.com/v1/projects/advertise-here-bd0bf/services/runtimeconfig.googleapis.com [omitted]
[info] +  Wrote functions/package.json 
[info] +  Wrote functions/.eslintrc.js 
[info] +  Wrote functions/index.js 
[info] +  Wrote functions/.gitignore 
[info] 
=== Hosting Setup
[info] 
[info] Your public directory is the folder (relative to your project directory) that
[info] will contain Hosting assets to be uploaded with firebase deploy. If you
[info] have a build process for your assets, use your build's output directory.
[info] 
